<?xml version="1.0" encoding="UTF-8"?>
<robot generator="Robot 6.1.1 (Python 3.10.0 on darwin)" generated="20250205 16:45:06.174" rpa="false" schemaversion="4">
<suite id="s1" name="Template-Fastapi-Auth" source="/Users/milosz/Repos/template-fastapi-auth">
<status status="SKIP" starttime="20250205 16:45:06.174" endtime="20250205 16:45:06.181"/>
</suite>
<statistics>
<total>
<stat pass="0" fail="0" skip="0">All Tests</stat>
</total>
<tag>
</tag>
<suite>
<stat pass="0" fail="0" skip="0" id="s1" name="Template-Fastapi-Auth">Template-Fastapi-Auth</stat>
</suite>
</statistics>
<errors>
</errors>
</robot>
